Generated at 2017-07-24 17:20:16 +0530
SystemExit: exit
/Users/user/.rvm/gems/ruby-2.3.1/gems/chef-13.2.20/lib/chef/application.rb:358:in `exit'
/Users/user/.rvm/gems/ruby-2.3.1/gems/chef-13.2.20/lib/chef/application.rb:358:in `fatal!'
/Users/user/.rvm/gems/ruby-2.3.1/gems/chef-13.2.20/lib/chef/application.rb:64:in `block in setup_signal_handlers'
/Users/user/.rvm/gems/ruby-2.3.1/gems/mixlib-shellout-2.3.2/lib/mixlib/shellout/unix.rb:277:in `select'
/Users/user/.rvm/gems/ruby-2.3.1/gems/mixlib-shellout-2.3.2/lib/mixlib/shellout/unix.rb:277:in `attempt_buffer_read'
/Users/user/.rvm/gems/ruby-2.3.1/gems/mixlib-shellout-2.3.2/lib/mixlib/shellout/unix.rb:117:in `run_command'
/Users/user/.rvm/gems/ruby-2.3.1/gems/mixlib-shellout-2.3.2/lib/mixlib/shellout.rb:263:in `run_command'
/Users/user/.rvm/gems/ruby-2.3.1/gems/chef-13.2.20/lib/chef/mixin/shell_out.rb:171:in `shell_out_command'
/Users/user/.rvm/gems/ruby-2.3.1/gems/chef-13.2.20/lib/chef/mixin/shell_out.rb:114:in `shell_out'
/Users/user/.rvm/gems/ruby-2.3.1/gems/chef-13.2.20/lib/chef/mixin/shell_out.rb:119:in `shell_out!'
/Users/user/.rvm/gems/ruby-2.3.1/gems/chef-13.2.20/lib/chef/mixin/shell_out.rb:76:in `shell_out_compact!'
/Users/user/.rvm/gems/ruby-2.3.1/gems/chef-13.2.20/lib/chef/mixin/shell_out.rb:95:in `shell_out_compact_timeout!'
/Users/user/.rvm/gems/ruby-2.3.1/gems/chef-13.2.20/lib/chef/provider/package/homebrew.rb:131:in `get_response_from_command'
/Users/user/.rvm/gems/ruby-2.3.1/gems/chef-13.2.20/lib/chef/provider/package/homebrew.rb:77:in `brew'
/Users/user/.rvm/gems/ruby-2.3.1/gems/chef-13.2.20/lib/chef/provider/package/homebrew.rb:49:in `install_package'
/Users/user/.rvm/gems/ruby-2.3.1/gems/chef-13.2.20/lib/chef/provider/package.rb:102:in `block (3 levels) in <class:Package>'
/Users/user/.rvm/gems/ruby-2.3.1/gems/chef-13.2.20/lib/chef/provider/package.rb:260:in `multipackage_api_adapter'
/Users/user/.rvm/gems/ruby-2.3.1/gems/chef-13.2.20/lib/chef/provider/package.rb:101:in `block (2 levels) in <class:Package>'
/Users/user/.rvm/gems/ruby-2.3.1/gems/chef-13.2.20/lib/chef/mixin/why_run.rb:52:in `add_action'
/Users/user/.rvm/gems/ruby-2.3.1/gems/chef-13.2.20/lib/chef/provider.rb:202:in `converge_by'
/Users/user/.rvm/gems/ruby-2.3.1/gems/chef-13.2.20/lib/chef/provider/package.rb:100:in `block in <class:Package>'
(eval):2:in `block in action_install'
/Users/user/.rvm/gems/ruby-2.3.1/gems/chef-13.2.20/lib/chef/provider.rb:211:in `instance_eval'
/Users/user/.rvm/gems/ruby-2.3.1/gems/chef-13.2.20/lib/chef/provider.rb:211:in `compile_and_converge_action'
(eval):2:in `action_install'
/Users/user/.rvm/gems/ruby-2.3.1/gems/chef-13.2.20/lib/chef/provider.rb:171:in `run_action'
/Users/user/.rvm/gems/ruby-2.3.1/gems/chef-13.2.20/lib/chef/resource.rb:591:in `run_action'
/Users/user/.rvm/gems/ruby-2.3.1/gems/chef-13.2.20/lib/chef/runner.rb:70:in `run_action'
/Users/user/.rvm/gems/ruby-2.3.1/gems/chef-13.2.20/lib/chef/runner.rb:98:in `block (2 levels) in converge'
/Users/user/.rvm/gems/ruby-2.3.1/gems/chef-13.2.20/lib/chef/runner.rb:98:in `each'
/Users/user/.rvm/gems/ruby-2.3.1/gems/chef-13.2.20/lib/chef/runner.rb:98:in `block in converge'
/Users/user/.rvm/gems/ruby-2.3.1/gems/chef-13.2.20/lib/chef/resource_collection/resource_list.rb:94:in `block in execute_each_resource'
/Users/user/.rvm/gems/ruby-2.3.1/gems/chef-13.2.20/lib/chef/resource_collection/stepable_iterator.rb:114:in `call_iterator_block'
/Users/user/.rvm/gems/ruby-2.3.1/gems/chef-13.2.20/lib/chef/resource_collection/stepable_iterator.rb:85:in `step'
/Users/user/.rvm/gems/ruby-2.3.1/gems/chef-13.2.20/lib/chef/resource_collection/stepable_iterator.rb:103:in `iterate'
/Users/user/.rvm/gems/ruby-2.3.1/gems/chef-13.2.20/lib/chef/resource_collection/stepable_iterator.rb:55:in `each_with_index'
/Users/user/.rvm/gems/ruby-2.3.1/gems/chef-13.2.20/lib/chef/resource_collection/resource_list.rb:92:in `execute_each_resource'
/Users/user/.rvm/gems/ruby-2.3.1/gems/chef-13.2.20/lib/chef/runner.rb:97:in `converge'
/Users/user/.rvm/gems/ruby-2.3.1/gems/chef-13.2.20/lib/chef/client.rb:715:in `block in converge'
/Users/user/.rvm/gems/ruby-2.3.1/gems/chef-13.2.20/lib/chef/client.rb:710:in `catch'
/Users/user/.rvm/gems/ruby-2.3.1/gems/chef-13.2.20/lib/chef/client.rb:710:in `converge'
/Users/user/.rvm/gems/ruby-2.3.1/gems/chef-13.2.20/lib/chef/client.rb:749:in `converge_and_save'
/Users/user/.rvm/gems/ruby-2.3.1/gems/chef-13.2.20/lib/chef/client.rb:286:in `run'
/Users/user/.rvm/gems/ruby-2.3.1/gems/chef-13.2.20/lib/chef/application.rb:291:in `block in fork_chef_client'
/Users/user/.rvm/gems/ruby-2.3.1/gems/chef-13.2.20/lib/chef/application.rb:279:in `fork'
/Users/user/.rvm/gems/ruby-2.3.1/gems/chef-13.2.20/lib/chef/application.rb:279:in `fork_chef_client'
/Users/user/.rvm/gems/ruby-2.3.1/gems/chef-13.2.20/lib/chef/application.rb:244:in `block in run_chef_client'
/Users/user/.rvm/gems/ruby-2.3.1/gems/chef-13.2.20/lib/chef/local_mode.rb:44:in `with_server_connectivity'
/Users/user/.rvm/gems/ruby-2.3.1/gems/chef-13.2.20/lib/chef/application.rb:232:in `run_chef_client'
/Users/user/.rvm/gems/ruby-2.3.1/gems/chef-13.2.20/lib/chef/application/client.rb:469:in `sleep_then_run_chef_client'
/Users/user/.rvm/gems/ruby-2.3.1/gems/chef-13.2.20/lib/chef/application/client.rb:458:in `block in interval_run_chef_client'
/Users/user/.rvm/gems/ruby-2.3.1/gems/chef-13.2.20/lib/chef/application/client.rb:457:in `loop'
/Users/user/.rvm/gems/ruby-2.3.1/gems/chef-13.2.20/lib/chef/application/client.rb:457:in `interval_run_chef_client'
/Users/user/.rvm/gems/ruby-2.3.1/gems/chef-13.2.20/lib/chef/application/client.rb:441:in `run_application'
/Users/user/.rvm/gems/ruby-2.3.1/gems/chef-13.2.20/lib/chef/application.rb:59:in `run'
/Users/user/.rvm/gems/ruby-2.3.1/gems/chef-13.2.20/lib/chef/application/solo.rb:225:in `run'
/Users/user/.rvm/gems/ruby-2.3.1/gems/chef-13.2.20/bin/chef-solo:25:in `<top (required)>'
/Users/user/.rvm/gems/ruby-2.3.1/bin/chef-solo:23:in `load'
/Users/user/.rvm/gems/ruby-2.3.1/bin/chef-solo:23:in `<main>'
/Users/user/.rvm/gems/ruby-2.3.1/bin/ruby_executable_hooks:15:in `eval'
/Users/user/.rvm/gems/ruby-2.3.1/bin/ruby_executable_hooks:15:in `<main>'