Generated at 2017-07-24 19:18:20 +0530
NoMethodError: undefined method `grunt_cookbook_npm' for cookbook: grunt, recipe: default :Chef::Recipe
/Users/user/chefeg/cookbooks/grunt/recipes/default.rb:1:in `from_file'
/Users/user/.rvm/gems/ruby-2.3.1@global/gems/chef-13.2.20/lib/chef/mixin/from_file.rb:30:in `instance_eval'
/Users/user/.rvm/gems/ruby-2.3.1@global/gems/chef-13.2.20/lib/chef/mixin/from_file.rb:30:in `from_file'
/Users/user/.rvm/gems/ruby-2.3.1@global/gems/chef-13.2.20/lib/chef/cookbook_version.rb:205:in `load_recipe'
/Users/user/.rvm/gems/ruby-2.3.1@global/gems/chef-13.2.20/lib/chef/run_context.rb:343:in `load_recipe'
/Users/user/.rvm/gems/ruby-2.3.1@global/gems/chef-13.2.20/lib/chef/run_context/cookbook_compiler.rb:163:in `block in compile_recipes'
/Users/user/.rvm/gems/ruby-2.3.1@global/gems/chef-13.2.20/lib/chef/run_context/cookbook_compiler.rb:160:in `each'
/Users/user/.rvm/gems/ruby-2.3.1@global/gems/chef-13.2.20/lib/chef/run_context/cookbook_compiler.rb:160:in `compile_recipes'
/Users/user/.rvm/gems/ruby-2.3.1@global/gems/chef-13.2.20/lib/chef/run_context/cookbook_compiler.rb:77:in `compile'
/Users/user/.rvm/gems/ruby-2.3.1@global/gems/chef-13.2.20/lib/chef/run_context.rb:192:in `load'
/Users/user/.rvm/gems/ruby-2.3.1@global/gems/chef-13.2.20/lib/chef/policy_builder/expand_node_object.rb:97:in `setup_run_context'
/Users/user/.rvm/gems/ruby-2.3.1@global/gems/chef-13.2.20/lib/chef/client.rb:513:in `setup_run_context'
/Users/user/.rvm/gems/ruby-2.3.1@global/gems/chef-13.2.20/lib/chef/client.rb:281:in `run'
/Users/user/.rvm/gems/ruby-2.3.1@global/gems/chef-13.2.20/lib/chef/application.rb:291:in `block in fork_chef_client'
/Users/user/.rvm/gems/ruby-2.3.1@global/gems/chef-13.2.20/lib/chef/application.rb:279:in `fork'
/Users/user/.rvm/gems/ruby-2.3.1@global/gems/chef-13.2.20/lib/chef/application.rb:279:in `fork_chef_client'
/Users/user/.rvm/gems/ruby-2.3.1@global/gems/chef-13.2.20/lib/chef/application.rb:244:in `block in run_chef_client'
/Users/user/.rvm/gems/ruby-2.3.1@global/gems/chef-13.2.20/lib/chef/local_mode.rb:44:in `with_server_connectivity'
/Users/user/.rvm/gems/ruby-2.3.1@global/gems/chef-13.2.20/lib/chef/application.rb:232:in `run_chef_client'
/Users/user/.rvm/gems/ruby-2.3.1@global/gems/chef-13.2.20/lib/chef/application/client.rb:469:in `sleep_then_run_chef_client'
/Users/user/.rvm/gems/ruby-2.3.1@global/gems/chef-13.2.20/lib/chef/application/client.rb:458:in `block in interval_run_chef_client'
/Users/user/.rvm/gems/ruby-2.3.1@global/gems/chef-13.2.20/lib/chef/application/client.rb:457:in `loop'
/Users/user/.rvm/gems/ruby-2.3.1@global/gems/chef-13.2.20/lib/chef/application/client.rb:457:in `interval_run_chef_client'
/Users/user/.rvm/gems/ruby-2.3.1@global/gems/chef-13.2.20/lib/chef/application/client.rb:441:in `run_application'
/Users/user/.rvm/gems/ruby-2.3.1@global/gems/chef-13.2.20/lib/chef/application.rb:59:in `run'
/Users/user/.rvm/gems/ruby-2.3.1@global/gems/chef-13.2.20/lib/chef/application/solo.rb:225:in `run'
/Users/user/.rvm/gems/ruby-2.3.1@global/gems/chef-13.2.20/bin/chef-solo:25:in `<top (required)>'
/Users/user/.rvm/rubies/ruby-2.3.1/bin/chef-solo:23:in `load'
/Users/user/.rvm/rubies/ruby-2.3.1/bin/chef-solo:23:in `<main>'
/Users/user/.rvm/gems/ruby-2.3.1@global/bin/ruby_executable_hooks:15:in `eval'
/Users/user/.rvm/gems/ruby-2.3.1@global/bin/ruby_executable_hooks:15:in `<main>'